<?xml version="1.0" encoding="UTF-8"?>
<testng-results skipped="0" failed="0" ignored="0" total="2" passed="2">
  <reporter-output>
  </reporter-output>
  <suite name="Command line suite" duration-ms="36048" started-at="2022-06-13T18:52:00Z" finished-at="2022-06-13T18:52:36Z">
    <groups>
    </groups>
    <test name="Command line test" duration-ms="36048" started-at="2022-06-13T18:52:00Z" finished-at="2022-06-13T18:52:36Z">
      <class name="test.LoginTest">
        <test-method status="PASS" signature="validUserShouldBeAbleToLogin()[pri:0, instance:test.LoginTest@7f63425a]" name="validUserShouldBeAbleToLogin" duration-ms="27934" started-at="2022-06-13T18:52:08Z" finished-at="2022-06-13T18:52:36Z">
          <reporter-output>
          </reporter-output>
        </test-method> <!-- validUserShouldBeAbleToLogin -->
      </class> <!-- test.LoginTest -->
      <class name="test.AddContactTest">
        <test-method status="PASS" signature="validUserShouldBeAbleToAddCustomer()[pri:0, instance:test.AddContactTest@3f3afe78]" name="validUserShouldBeAbleToAddCustomer" duration-ms="8077" started-at="2022-06-13T18:52:00Z" finished-at="2022-06-13T18:52:08Z">
          <reporter-output>
          </reporter-output>
        </test-method> <!-- validUserShouldBeAbleToAddCustomer -->
      </class> <!-- test.AddContactTest -->
    </test> <!-- Command line test -->
  </suite> <!-- Command line suite -->
</testng-results>
