<?xml version="1.0" encoding="UTF-8"?>
<testng-results skipped="0" failed="0" ignored="0" total="1" passed="1">
  <reporter-output>
  </reporter-output>
  <suite name="Default suite" duration-ms="6144" started-at="2022-06-13T13:21:12 CDT" finished-at="2022-06-13T13:21:18 CDT">
    <groups>
    </groups>
    <test name="Default test" duration-ms="6144" started-at="2022-06-13T13:21:12 CDT" finished-at="2022-06-13T13:21:18 CDT">
      <class name="test.AddContactTest">
        <test-method status="PASS" signature="validUserShouldBeAbleToAddCustomer()[pri:0, instance:test.AddContactTest@1d29cf23]" name="validUserShouldBeAbleToAddCustomer" duration-ms="6096" started-at="2022-06-13T13:21:12 CDT" finished-at="2022-06-13T13:21:18 CDT">
          <reporter-output>
          </reporter-output>
        </test-method> <!-- validUserShouldBeAbleToAddCustomer -->
      </class> <!-- test.AddContactTest -->
    </test> <!-- Default test -->
  </suite> <!-- Default suite -->
</testng-results>
