<?xml version="1.0" encoding="UTF-8"?>
<testng-results ignored="0" total="1" passed="1" failed="0" skipped="0">
  <reporter-output>
  </reporter-output>
  <suite started-at="2022-05-19T16:10:34 CDT" name="Default suite" finished-at="2022-05-19T16:10:40 CDT" duration-ms="5131">
    <groups>
    </groups>
    <test started-at="2022-05-19T16:10:34 CDT" name="Default test" finished-at="2022-05-19T16:10:40 CDT" duration-ms="5131">
      <class name="test.AddContactTest">
        <test-method signature="validUserShouldBeAbleToAddCustomer()[pri:0, instance:test.AddContactTest@77eca502]" started-at="2022-05-19T16:10:34 CDT" name="validUserShouldBeAbleToAddCustomer" finished-at="2022-05-19T16:10:40 CDT" duration-ms="5099" status="PASS">
          <reporter-output>
          </reporter-output>
        </test-method> <!-- validUserShouldBeAbleToAddCustomer -->
      </class> <!-- test.AddContactTest -->
    </test> <!-- Default test -->
  </suite> <!-- Default suite -->
</testng-results>
